<?xml version="1.0" encoding="UTF-8"?>
<!-- Generated by org.testng.reporters.JUnitReportReporter -->
<testsuite name="Test_4_sep_with_TestNG" tests="1" time="46.848" ignored="0" failures="0" timestamp="04 Sep 2019 06:42:44 GMT" skipped="0" hostname="QSP-Prashant" errors="0">
  <testcase name="sbiregistration" time="46.848" classname="Test_4_sep_with_TestNG"/>
</testsuite> <!-- Test_4_sep_with_TestNG -->
